<?xml version="1.0" encoding="UTF-8"?>
<!-- Generated by org.testng.reporters.JUnitXMLReporter -->
<testsuite hostname="umesh" ignored="0" name="Default test" tests="7" failures="0" timestamp="17 Feb 2020 12:16:02 GMT" time="98.227" errors="0">
  <testcase name="LiveURLCheck" time="2.913" classname="com.hub4vision.urls.VerifyLiveURLs"/>
  <testcase name="LiveURLCheck" time="7.676" classname="com.hub4vision.urls.VerifyLiveURLs"/>
  <testcase name="LiveURLCheck" time="6.39" classname="com.hub4vision.urls.VerifyLiveURLs"/>
  <testcase name="LiveURLCheck" time="6.336" classname="com.hub4vision.urls.VerifyLiveURLs"/>
  <testcase name="LiveURLCheck" time="6.475" classname="com.hub4vision.urls.VerifyLiveURLs"/>
  <testcase name="LiveURLCheck" time="38.045" classname="com.hub4vision.urls.VerifyLiveURLs"/>
  <testcase name="LiveURLCheck" time="29.824" classname="com.hub4vision.urls.VerifyLiveURLs"/>
</testsuite> <!-- Default test -->
