<?xml version="1.0" encoding="UTF-8"?>
<!-- Generated by org.testng.reporters.JUnitXMLReporter -->
<testsuite hostname="umesh" ignored="0" name="Default test" tests="9" failures="0" timestamp="26 Feb 2020 18:31:53 GMT" time="46.265" errors="0">
  <testcase name="doLogin" time="0.636" classname="com.hub4vision.urls.Login"/>
  <testcase name="doLogin" time="0.521" classname="com.hub4vision.urls.Login"/>
  <testcase name="doLogin" time="1.205" classname="com.hub4vision.urls.Login"/>
  <testcase name="doLogin" time="1.256" classname="com.hub4vision.urls.Login"/>
  <testcase name="doLogin" time="1.6" classname="com.hub4vision.urls.Login"/>
  <testcase name="doLogin" time="1.273" classname="com.hub4vision.urls.Login"/>
  <testcase name="doLogin" time="13.465" classname="com.hub4vision.urls.Login"/>
  <testcase name="doLogin" time="12.835" classname="com.hub4vision.urls.Login"/>
  <testcase name="doLogin" time="13.016" classname="com.hub4vision.urls.Login"/>
</testsuite> <!-- Default test -->
